# JRE version: OpenJDK Runtime Environment (21.0.8) (build 21.0.8+-14018985-b1038.68)
# Java VM: OpenJDK 64-Bit Server VM (21.0.8+-14018985-b1038.68, mixed mode, tiered, compressed oops, compressed class ptrs, g1 gc, windows-amd64)
GC Precious Log:
 CardTable entry size: 512
 Card Set container configuration: InlinePtr #cards 4 size 8 Array Of Cards #cards 16 size 48 Howl #buckets 8 coarsen threshold 3686 Howl Bitmap #cards 512 size 80 coarsen threshold 460 Card regions per heap region 1 cards per card region 4096
 CPUs: 8 total, 8 available
 Memory: 8006M
 Large Page Support: Disabled
 NUMA Support: Disabled
 Compressed Oops: Enabled (Zero based)
 Heap Region Size: 2M
 Heap Min Capacity: 8M
 Heap Initial Capacity: 126M
 Heap Max Capacity: 4G
 Pre-touch: Disabled
 Parallel Workers: 8
 Concurrent Workers: 2
 Concurrent Refinement Workers: 8
 Periodic GC: Disabled
Heap:
 garbage-first heap   total 153600K, used 116939K [0x0000000700000000, 0x0000000800000000)
  region size 2048K, 18 young (36864K), 4 survivors (8192K)
 Metaspace       used 65074K, committed 66496K, reserved 917504K
  class space    used 9206K, committed 9856K, reserved 851968K
GC Heap History (20 events):
Event: 41.050 GC heap before
{Heap before GC invocations=11 (full 0):
 garbage-first heap   total 110592K, used 89802K [0x0000000700000000, 0x0000000800000000)
  region size 2048K, 15 young (30720K), 2 survivors (4096K)
 Metaspace       used 48175K, committed 49152K, reserved 917504K
  class space    used 6775K, committed 7232K, reserved 851968K
}
Event: 41.057 GC heap after
{Heap after GC invocations=12 (full 0):
 garbage-first heap   total 110592K, used 64927K [0x0000000700000000, 0x0000000800000000)
  region size 2048K, 2 young (4096K), 2 survivors (4096K)
 Metaspace       used 48175K, committed 49152K, reserved 917504K
  class space    used 6775K, committed 7232K, reserved 851968K
}
Event: 42.611 GC heap before
{Heap before GC invocations=12 (full 0):
 garbage-first heap   total 110592K, used 95647K [0x0000000700000000, 0x0000000800000000)
  region size 2048K, 18 young (36864K), 2 survivors (4096K)
 Metaspace       used 54078K, committed 55040K, reserved 917504K
  class space    used 7505K, committed 7936K, reserved 851968K
}
Event: 42.622 GC heap after
{Heap after GC invocations=13 (full 0):
 garbage-first heap   total 110592K, used 68444K [0x0000000700000000, 0x0000000800000000)
  region size 2048K, 3 young (6144K), 3 survivors (6144K)
 Metaspace       used 54078K, committed 55040K, reserved 917504K
  class space    used 7505K, committed 7936K, reserved 851968K
}
Event: 42.745 GC heap before
{Heap before GC invocations=13 (full 0):
 garbage-first heap   total 110592K, used 70492K [0x0000000700000000, 0x0000000800000000)
  region size 2048K, 6 young (12288K), 3 survivors (6144K)
 Metaspace       used 54399K, committed 55360K, reserved 917504K
  class space    used 7550K, committed 8000K, reserved 851968K
}
Event: 42.755 GC heap after
{Heap after GC invocations=14 (full 0):
 garbage-first heap   total 110592K, used 70096K [0x0000000700000000, 0x0000000800000000)
  region size 2048K, 1 young (2048K), 1 survivors (2048K)
 Metaspace       used 54399K, committed 55360K, reserved 917504K
  class space    used 7550K, committed 8000K, reserved 851968K
}
Event: 43.825 GC heap before
{Heap before GC invocations=15 (full 0):
 garbage-first heap   total 126976K, used 102864K [0x0000000700000000, 0x0000000800000000)
  region size 2048K, 15 young (30720K), 1 survivors (2048K)
 Metaspace       used 55913K, committed 56896K, reserved 917504K
  class space    used 7678K, committed 8128K, reserved 851968K
}
Event: 43.828 GC heap after
{Heap after GC invocations=16 (full 0):
 garbage-first heap   total 126976K, used 70176K [0x0000000700000000, 0x0000000800000000)
  region size 2048K, 1 young (2048K), 1 survivors (2048K)
 Metaspace       used 55913K, committed 56896K, reserved 917504K
  class space    used 7678K, committed 8128K, reserved 851968K
}
Event: 45.040 GC heap before
{Heap before GC invocations=16 (full 0):
 garbage-first heap   total 126976K, used 111136K [0x0000000700000000, 0x0000000800000000)
  region size 2048K, 21 young (43008K), 1 survivors (2048K)
 Metaspace       used 60755K, committed 62080K, reserved 917504K
  class space    used 8512K, committed 9152K, reserved 851968K
}
Event: 45.047 GC heap after
{Heap after GC invocations=17 (full 0):
 garbage-first heap   total 126976K, used 71653K [0x0000000700000000, 0x0000000800000000)
  region size 2048K, 2 young (4096K), 2 survivors (4096K)
 Metaspace       used 60755K, committed 62080K, reserved 917504K
  class space    used 8512K, committed 9152K, reserved 851968K
}
Event: 46.111 GC heap before
{Heap before GC invocations=17 (full 0):
 garbage-first heap   total 126976K, used 110565K [0x0000000700000000, 0x0000000800000000)
  region size 2048K, 22 young (45056K), 2 survivors (4096K)
 Metaspace       used 64044K, committed 65408K, reserved 917504K
  class space    used 9075K, committed 9728K, reserved 851968K
}
Event: 46.119 GC heap after
{Heap after GC invocations=18 (full 0):
 garbage-first heap   total 126976K, used 73701K [0x0000000700000000, 0x0000000800000000)
  region size 2048K, 2 young (4096K), 2 survivors (4096K)
 Metaspace       used 64044K, committed 65408K, reserved 917504K
  class space    used 9075K, committed 9728K, reserved 851968K
}
Event: 46.416 GC heap before
{Heap before GC invocations=19 (full 0):
 garbage-first heap   total 126976K, used 110565K [0x0000000700000000, 0x0000000800000000)
  region size 2048K, 21 young (43008K), 2 survivors (4096K)
 Metaspace       used 64079K, committed 65536K, reserved 917504K
  class space    used 9089K, committed 9792K, reserved 851968K
}
Event: 46.423 GC heap after
{Heap after GC invocations=20 (full 0):
 garbage-first heap   total 126976K, used 75241K [0x0000000700000000, 0x0000000800000000)
  region size 2048K, 2 young (4096K), 2 survivors (4096K)
 Metaspace       used 64079K, committed 65536K, reserved 917504K
  class space    used 9089K, committed 9792K, reserved 851968K
}
Event: 46.662 GC heap before
{Heap before GC invocations=20 (full 0):
 garbage-first heap   total 126976K, used 112105K [0x0000000700000000, 0x0000000800000000)
  region size 2048K, 20 young (40960K), 2 survivors (4096K)
 Metaspace       used 64080K, committed 65536K, reserved 917504K
  class space    used 9089K, committed 9792K, reserved 851968K
}
Event: 46.670 GC heap after
{Heap after GC invocations=21 (full 0):
 garbage-first heap   total 153600K, used 76919K [0x0000000700000000, 0x0000000800000000)
  region size 2048K, 2 young (4096K), 2 survivors (4096K)
 Metaspace       used 64080K, committed 65536K, reserved 917504K
  class space    used 9089K, committed 9792K, reserved 851968K
}
Event: 47.326 GC heap before
{Heap before GC invocations=21 (full 0):
 garbage-first heap   total 153600K, used 138359K [0x0000000700000000, 0x0000000800000000)
  region size 2048K, 32 young (65536K), 2 survivors (4096K)
 Metaspace       used 64085K, committed 65600K, reserved 917504K
  class space    used 9090K, committed 9792K, reserved 851968K
}
Event: 47.334 GC heap after
{Heap after GC invocations=22 (full 0):
 garbage-first heap   total 153600K, used 82428K [0x0000000700000000, 0x0000000800000000)
  region size 2048K, 4 young (8192K), 4 survivors (8192K)
 Metaspace       used 64085K, committed 65600K, reserved 917504K
  class space    used 9090K, committed 9792K, reserved 851968K
}
Event: 48.154 GC heap before
{Heap before GC invocations=23 (full 0):
 garbage-first heap   total 153600K, used 131580K [0x0000000700000000, 0x0000000800000000)
  region size 2048K, 29 young (59392K), 4 survivors (8192K)
 Metaspace       used 64309K, committed 65728K, reserved 917504K
  class space    used 9119K, committed 9792K, reserved 851968K
}
Event: 48.178 GC heap after
{Heap after GC invocations=24 (full 0):
 garbage-first heap   total 153600K, used 92363K [0x0000000700000000, 0x0000000800000000)
  region size 2048K, 4 young (8192K), 4 survivors (8192K)
 Metaspace       used 64309K, committed 65728K, reserved 917504K
  class space    used 9119K, committed 9792K, reserved 851968K
}

